# JRE version: Java(TM) SE Runtime Environment (8.0_181-b13) (build 1.8.0_181-b13)
# Java VM: Java HotSpot(TM) 64-Bit Server VM (25.181-b13 mixed mode windows-amd64 compressed oops)
Heap:
 PSYoungGen      total 22528K, used 20995K [0x00000000e0000000, 0x00000000e1700000, 0x0000000100000000)
  eden space 21504K, 96% used [0x00000000e0000000,0x00000000e1430cf8,0x00000000e1500000)
  from space 1024K, 31% used [0x00000000e1500000,0x00000000e1550000,0x00000000e1600000)
  to   space 1024K, 0% used [0x00000000e1600000,0x00000000e1600000,0x00000000e1700000)
 ParOldGen       total 65536K, used 11038K [0x00000000a0000000, 0x00000000a4000000, 0x00000000e0000000)
  object space 65536K, 16% used [0x00000000a0000000,0x00000000a0ac79d8,0x00000000a4000000)
 Metaspace       used 16548K, capacity 16826K, committed 17152K, reserved 1064960K
  class space    used 1865K, capacity 1991K, committed 2048K, reserved 1048576K
GC Heap History (10 events):
Event: 14984.370 GC heap before
{Heap before GC invocations=53 (full 0):
 PSYoungGen      total 22528K, used 21856K [0x00000000e0000000, 0x00000000e1700000, 0x0000000100000000)
  eden space 21504K, 100% used [0x00000000e0000000,0x00000000e1500000,0x00000000e1500000)
  from space 1024K, 34% used [0x00000000e1600000,0x00000000e1658000,0x00000000e1700000)
  to   space 1024K, 0% used [0x00000000e1500000,0x00000000e1500000,0x00000000e1600000)
 ParOldGen       total 65536K, used 10958K [0x00000000a0000000, 0x00000000a4000000, 0x00000000e0000000)
  object space 65536K, 16% used [0x00000000a0000000,0x00000000a0ab39c8,0x00000000a4000000)
 Metaspace       used 16548K, capacity 16826K, committed 17152K, reserved 1064960K
  class space    used 1865K, capacity 1991K, committed 2048K, reserved 1048576K
Event: 14984.865 GC heap after
Heap after GC invocations=53 (full 0):
 PSYoungGen      total 22528K, used 352K [0x00000000e0000000, 0x00000000e1700000, 0x0000000100000000)
  eden space 21504K, 0% used [0x00000000e0000000,0x00000000e0000000,0x00000000e1500000)
  from space 1024K, 34% used [0x00000000e1500000,0x00000000e1558000,0x00000000e1600000)
  to   space 1024K, 0% used [0x00000000e1600000,0x00000000e1600000,0x00000000e1700000)
 ParOldGen       total 65536K, used 10974K [0x00000000a0000000, 0x00000000a4000000, 0x00000000e0000000)
  object space 65536K, 16% used [0x00000000a0000000,0x00000000a0ab79c8,0x00000000a4000000)
 Metaspace       used 16548K, capacity 16826K, committed 17152K, reserved 1064960K
  class space    used 1865K, capacity 1991K, committed 2048K, reserved 1048576K
}
Event: 15286.224 GC heap before
{Heap before GC invocations=54 (full 0):
 PSYoungGen      total 22528K, used 21856K [0x00000000e0000000, 0x00000000e1700000, 0x0000000100000000)
  eden space 21504K, 100% used [0x00000000e0000000,0x00000000e1500000,0x00000000e1500000)
  from space 1024K, 34% used [0x00000000e1500000,0x00000000e1558000,0x00000000e1600000)
  to   space 1024K, 0% used [0x00000000e1600000,0x00000000e1600000,0x00000000e1700000)
 ParOldGen       total 65536K, used 10974K [0x00000000a0000000, 0x00000000a4000000, 0x00000000e0000000)
  object space 65536K, 16% used [0x00000000a0000000,0x00000000a0ab79c8,0x00000000a4000000)
 Metaspace       used 16548K, capacity 16826K, committed 17152K, reserved 1064960K
  class space    used 1865K, capacity 1991K, committed 2048K, reserved 1048576K
Event: 15288.134 GC heap after
Heap after GC invocations=54 (full 0):
 PSYoungGen      total 22528K, used 320K [0x00000000e0000000, 0x00000000e1700000, 0x0000000100000000)
  eden space 21504K, 0% used [0x00000000e0000000,0x00000000e0000000,0x00000000e1500000)
  from space 1024K, 31% used [0x00000000e1600000,0x00000000e1650000,0x00000000e1700000)
  to   space 1024K, 0% used [0x00000000e1500000,0x00000000e1500000,0x00000000e1600000)
 ParOldGen       total 65536K, used 10990K [0x00000000a0000000, 0x00000000a4000000, 0x00000000e0000000)
  object space 65536K, 16% used [0x00000000a0000000,0x00000000a0abb9c8,0x00000000a4000000)
 Metaspace       used 16548K, capacity 16826K, committed 17152K, reserved 1064960K
  class space    used 1865K, capacity 1991K, committed 2048K, reserved 1048576K
}
Event: 15574.696 GC heap before
{Heap before GC invocations=55 (full 0):
 PSYoungGen      total 22528K, used 21824K [0x00000000e0000000, 0x00000000e1700000, 0x0000000100000000)
  eden space 21504K, 100% used [0x00000000e0000000,0x00000000e1500000,0x00000000e1500000)
  from space 1024K, 31% used [0x00000000e1600000,0x00000000e1650000,0x00000000e1700000)
  to   space 1024K, 0% used [0x00000000e1500000,0x00000000e1500000,0x00000000e1600000)
 ParOldGen       total 65536K, used 10990K [0x00000000a0000000, 0x00000000a4000000, 0x00000000e0000000)
  object space 65536K, 16% used [0x00000000a0000000,0x00000000a0abb9c8,0x00000000a4000000)
 Metaspace       used 16548K, capacity 16826K, committed 17152K, reserved 1064960K
  class space    used 1865K, capacity 1991K, committed 2048K, reserved 1048576K
Event: 15575.463 GC heap after
Heap after GC invocations=55 (full 0):
 PSYoungGen      total 22528K, used 320K [0x00000000e0000000, 0x00000000e1700000, 0x0000000100000000)
  eden space 21504K, 0% used [0x00000000e0000000,0x00000000e0000000,0x00000000e1500000)
  from space 1024K, 31% used [0x00000000e1500000,0x00000000e1550000,0x00000000e1600000)
  to   space 1024K, 0% used [0x00000000e1600000,0x00000000e1600000,0x00000000e1700000)
 ParOldGen       total 65536K, used 11006K [0x00000000a0000000, 0x00000000a4000000, 0x00000000e0000000)
  object space 65536K, 16% used [0x00000000a0000000,0x00000000a0abf9c8,0x00000000a4000000)
 Metaspace       used 16548K, capacity 16826K, committed 17152K, reserved 1064960K
  class space    used 1865K, capacity 1991K, committed 2048K, reserved 1048576K
}
Event: 15897.560 GC heap before
{Heap before GC invocations=56 (full 0):
 PSYoungGen      total 22528K, used 21824K [0x00000000e0000000, 0x00000000e1700000, 0x0000000100000000)
  eden space 21504K, 100% used [0x00000000e0000000,0x00000000e1500000,0x00000000e1500000)
  from space 1024K, 31% used [0x00000000e1500000,0x00000000e1550000,0x00000000e1600000)
  to   space 1024K, 0% used [0x00000000e1600000,0x00000000e1600000,0x00000000e1700000)
 ParOldGen       total 65536K, used 11006K [0x00000000a0000000, 0x00000000a4000000, 0x00000000e0000000)
  object space 65536K, 16% used [0x00000000a0000000,0x00000000a0abf9c8,0x00000000a4000000)
 Metaspace       used 16548K, capacity 16826K, committed 17152K, reserved 1064960K
  class space    used 1865K, capacity 1991K, committed 2048K, reserved 1048576K
Event: 15902.271 GC heap after
Heap after GC invocations=56 (full 0):
 PSYoungGen      total 22528K, used 320K [0x00000000e0000000, 0x00000000e1700000, 0x0000000100000000)
  eden space 21504K, 0% used [0x00000000e0000000,0x00000000e0000000,0x00000000e1500000)
  from space 1024K, 31% used [0x00000000e1600000,0x00000000e1650000,0x00000000e1700000)
  to   space 1024K, 0% used [0x00000000e1500000,0x00000000e1500000,0x00000000e1600000)
 ParOldGen       total 65536K, used 11022K [0x00000000a0000000, 0x00000000a4000000, 0x00000000e0000000)
  object space 65536K, 16% used [0x00000000a0000000,0x00000000a0ac39d8,0x00000000a4000000)
 Metaspace       used 16548K, capacity 16826K, committed 17152K, reserved 1064960K
  class space    used 1865K, capacity 1991K, committed 2048K, reserved 1048576K
}
Event: 16226.842 GC heap before
{Heap before GC invocations=57 (full 0):
 PSYoungGen      total 22528K, used 21824K [0x00000000e0000000, 0x00000000e1700000, 0x0000000100000000)
  eden space 21504K, 100% used [0x00000000e0000000,0x00000000e1500000,0x00000000e1500000)
  from space 1024K, 31% used [0x00000000e1600000,0x00000000e1650000,0x00000000e1700000)
  to   space 1024K, 0% used [0x00000000e1500000,0x00000000e1500000,0x00000000e1600000)
 ParOldGen       total 65536K, used 11022K [0x00000000a0000000, 0x00000000a4000000, 0x00000000e0000000)
  object space 65536K, 16% used [0x00000000a0000000,0x00000000a0ac39d8,0x00000000a4000000)
 Metaspace       used 16548K, capacity 16826K, committed 17152K, reserved 1064960K
  class space    used 1865K, capacity 1991K, committed 2048K, reserved 1048576K
Event: 16230.709 GC heap after
Heap after GC invocations=57 (full 0):
 PSYoungGen      total 22528K, used 320K [0x00000000e0000000, 0x00000000e1700000, 0x0000000100000000)
  eden space 21504K, 0% used [0x00000000e0000000,0x00000000e0000000,0x00000000e1500000)
  from space 1024K, 31% used [0x00000000e1500000,0x00000000e1550000,0x00000000e1600000)
  to   space 1024K, 0% used [0x00000000e1600000,0x00000000e1600000,0x00000000e1700000)
 ParOldGen       total 65536K, used 11038K [0x00000000a0000000, 0x00000000a4000000, 0x00000000e0000000)
  object space 65536K, 16% used [0x00000000a0000000,0x00000000a0ac79d8,0x00000000a4000000)
 Metaspace       used 16548K, capacity 16826K, committed 17152K, reserved 1064960K
  class space    used 1865K, capacity 1991K, committed 2048K, reserved 1048576K
}

