# JRE version: Java(TM) SE Runtime Environment (8.0_181-b13) (build 1.8.0_181-b13)
# Java VM: Java HotSpot(TM) 64-Bit Server VM (25.181-b13 mixed mode windows-amd64 compressed oops)
Heap:
 PSYoungGen      total 23040K, used 7337K [0x00000000e0000000, 0x00000000e1800000, 0x0000000100000000)
  eden space 21504K, 32% used [0x00000000e0000000,0x00000000e06da500,0x00000000e1500000)
  from space 1536K, 20% used [0x00000000e1500000,0x00000000e1550000,0x00000000e1680000)
  to   space 1536K, 0% used [0x00000000e1680000,0x00000000e1680000,0x00000000e1800000)
 ParOldGen       total 65536K, used 10973K [0x00000000a0000000, 0x00000000a4000000, 0x00000000e0000000)
  object space 65536K, 16% used [0x00000000a0000000,0x00000000a0ab7710,0x00000000a4000000)
 Metaspace       used 16996K, capacity 17314K, committed 17536K, reserved 1064960K
  class space    used 1946K, capacity 2073K, committed 2176K, reserved 1048576K
GC Heap History (10 events):
Event: 24945.973 GC heap before
{Heap before GC invocations=45 (full 0):
 PSYoungGen      total 23040K, used 21856K [0x00000000e0000000, 0x00000000e1800000, 0x0000000100000000)
  eden space 21504K, 100% used [0x00000000e0000000,0x00000000e1500000,0x00000000e1500000)
  from space 1536K, 22% used [0x00000000e1680000,0x00000000e16d8000,0x00000000e1800000)
  to   space 1536K, 0% used [0x00000000e1500000,0x00000000e1500000,0x00000000e1680000)
 ParOldGen       total 65536K, used 10901K [0x00000000a0000000, 0x00000000a4000000, 0x00000000e0000000)
  object space 65536K, 16% used [0x00000000a0000000,0x00000000a0aa5710,0x00000000a4000000)
 Metaspace       used 16995K, capacity 17314K, committed 17536K, reserved 1064960K
  class space    used 1945K, capacity 2073K, committed 2176K, reserved 1048576K
Event: 24945.980 GC heap after
Heap after GC invocations=45 (full 0):
 PSYoungGen      total 23040K, used 352K [0x00000000e0000000, 0x00000000e1800000, 0x0000000100000000)
  eden space 21504K, 0% used [0x00000000e0000000,0x00000000e0000000,0x00000000e1500000)
  from space 1536K, 22% used [0x00000000e1500000,0x00000000e1558000,0x00000000e1680000)
  to   space 1536K, 0% used [0x00000000e1680000,0x00000000e1680000,0x00000000e1800000)
 ParOldGen       total 65536K, used 10917K [0x00000000a0000000, 0x00000000a4000000, 0x00000000e0000000)
  object space 65536K, 16% used [0x00000000a0000000,0x00000000a0aa9710,0x00000000a4000000)
 Metaspace       used 16995K, capacity 17314K, committed 17536K, reserved 1064960K
  class space    used 1945K, capacity 2073K, committed 2176K, reserved 1048576K
}
Event: 25504.974 GC heap before
{Heap before GC invocations=46 (full 0):
 PSYoungGen      total 23040K, used 21856K [0x00000000e0000000, 0x00000000e1800000, 0x0000000100000000)
  eden space 21504K, 100% used [0x00000000e0000000,0x00000000e1500000,0x00000000e1500000)
  from space 1536K, 22% used [0x00000000e1500000,0x00000000e1558000,0x00000000e1680000)
  to   space 1536K, 0% used [0x00000000e1680000,0x00000000e1680000,0x00000000e1800000)
 ParOldGen       total 65536K, used 10917K [0x00000000a0000000, 0x00000000a4000000, 0x00000000e0000000)
  object space 65536K, 16% used [0x00000000a0000000,0x00000000a0aa9710,0x00000000a4000000)
 Metaspace       used 16995K, capacity 17314K, committed 17536K, reserved 1064960K
  class space    used 1945K, capacity 2073K, committed 2176K, reserved 1048576K
Event: 25504.980 GC heap after
Heap after GC invocations=46 (full 0):
 PSYoungGen      total 23040K, used 352K [0x00000000e0000000, 0x00000000e1800000, 0x0000000100000000)
  eden space 21504K, 0% used [0x00000000e0000000,0x00000000e0000000,0x00000000e1500000)
  from space 1536K, 22% used [0x00000000e1680000,0x00000000e16d8000,0x00000000e1800000)
  to   space 1536K, 0% used [0x00000000e1500000,0x00000000e1500000,0x00000000e1680000)
 ParOldGen       total 65536K, used 10933K [0x00000000a0000000, 0x00000000a4000000, 0x00000000e0000000)
  object space 65536K, 16% used [0x00000000a0000000,0x00000000a0aad710,0x00000000a4000000)
 Metaspace       used 16995K, capacity 17314K, committed 17536K, reserved 1064960K
  class space    used 1945K, capacity 2073K, committed 2176K, reserved 1048576K
}
Event: 26069.007 GC heap before
{Heap before GC invocations=47 (full 0):
 PSYoungGen      total 23040K, used 21856K [0x00000000e0000000, 0x00000000e1800000, 0x0000000100000000)
  eden space 21504K, 100% used [0x00000000e0000000,0x00000000e1500000,0x00000000e1500000)
  from space 1536K, 22% used [0x00000000e1680000,0x00000000e16d8000,0x00000000e1800000)
  to   space 1536K, 0% used [0x00000000e1500000,0x00000000e1500000,0x00000000e1680000)
 ParOldGen       total 65536K, used 10933K [0x00000000a0000000, 0x00000000a4000000, 0x00000000e0000000)
  object space 65536K, 16% used [0x00000000a0000000,0x00000000a0aad710,0x00000000a4000000)
 Metaspace       used 16996K, capacity 17314K, committed 17536K, reserved 1064960K
  class space    used 1946K, capacity 2073K, committed 2176K, reserved 1048576K
Event: 26069.012 GC heap after
Heap after GC invocations=47 (full 0):
 PSYoungGen      total 23040K, used 352K [0x00000000e0000000, 0x00000000e1800000, 0x0000000100000000)
  eden space 21504K, 0% used [0x00000000e0000000,0x00000000e0000000,0x00000000e1500000)
  from space 1536K, 22% used [0x00000000e1500000,0x00000000e1558000,0x00000000e1680000)
  to   space 1536K, 0% used [0x00000000e1680000,0x00000000e1680000,0x00000000e1800000)
 ParOldGen       total 65536K, used 10941K [0x00000000a0000000, 0x00000000a4000000, 0x00000000e0000000)
  object space 65536K, 16% used [0x00000000a0000000,0x00000000a0aaf710,0x00000000a4000000)
 Metaspace       used 16996K, capacity 17314K, committed 17536K, reserved 1064960K
  class space    used 1946K, capacity 2073K, committed 2176K, reserved 1048576K
}
Event: 26638.715 GC heap before
{Heap before GC invocations=48 (full 0):
 PSYoungGen      total 23040K, used 21856K [0x00000000e0000000, 0x00000000e1800000, 0x0000000100000000)
  eden space 21504K, 100% used [0x00000000e0000000,0x00000000e1500000,0x00000000e1500000)
  from space 1536K, 22% used [0x00000000e1500000,0x00000000e1558000,0x00000000e1680000)
  to   space 1536K, 0% used [0x00000000e1680000,0x00000000e1680000,0x00000000e1800000)
 ParOldGen       total 65536K, used 10941K [0x00000000a0000000, 0x00000000a4000000, 0x00000000e0000000)
  object space 65536K, 16% used [0x00000000a0000000,0x00000000a0aaf710,0x00000000a4000000)
 Metaspace       used 16996K, capacity 17314K, committed 17536K, reserved 1064960K
  class space    used 1946K, capacity 2073K, committed 2176K, reserved 1048576K
Event: 26639.368 GC heap after
Heap after GC invocations=48 (full 0):
 PSYoungGen      total 23040K, used 352K [0x00000000e0000000, 0x00000000e1800000, 0x0000000100000000)
  eden space 21504K, 0% used [0x00000000e0000000,0x00000000e0000000,0x00000000e1500000)
  from space 1536K, 22% used [0x00000000e1680000,0x00000000e16d8000,0x00000000e1800000)
  to   space 1536K, 0% used [0x00000000e1500000,0x00000000e1500000,0x00000000e1680000)
 ParOldGen       total 65536K, used 10957K [0x00000000a0000000, 0x00000000a4000000, 0x00000000e0000000)
  object space 65536K, 16% used [0x00000000a0000000,0x00000000a0ab3710,0x00000000a4000000)
 Metaspace       used 16996K, capacity 17314K, committed 17536K, reserved 1064960K
  class space    used 1946K, capacity 2073K, committed 2176K, reserved 1048576K
}
Event: 27219.514 GC heap before
{Heap before GC invocations=49 (full 0):
 PSYoungGen      total 23040K, used 21856K [0x00000000e0000000, 0x00000000e1800000, 0x0000000100000000)
  eden space 21504K, 100% used [0x00000000e0000000,0x00000000e1500000,0x00000000e1500000)
  from space 1536K, 22% used [0x00000000e1680000,0x00000000e16d8000,0x00000000e1800000)
  to   space 1536K, 0% used [0x00000000e1500000,0x00000000e1500000,0x00000000e1680000)
 ParOldGen       total 65536K, used 10957K [0x00000000a0000000, 0x00000000a4000000, 0x00000000e0000000)
  object space 65536K, 16% used [0x00000000a0000000,0x00000000a0ab3710,0x00000000a4000000)
 Metaspace       used 16996K, capacity 17314K, committed 17536K, reserved 1064960K
  class space    used 1946K, capacity 2073K, committed 2176K, reserved 1048576K
Event: 27221.643 GC heap after
Heap after GC invocations=49 (full 0):
 PSYoungGen      total 23040K, used 320K [0x00000000e0000000, 0x00000000e1800000, 0x0000000100000000)
  eden space 21504K, 0% used [0x00000000e0000000,0x00000000e0000000,0x00000000e1500000)
  from space 1536K, 20% used [0x00000000e1500000,0x00000000e1550000,0x00000000e1680000)
  to   space 1536K, 0% used [0x00000000e1680000,0x00000000e1680000,0x00000000e1800000)
 ParOldGen       total 65536K, used 10973K [0x00000000a0000000, 0x00000000a4000000, 0x00000000e0000000)
  object space 65536K, 16% used [0x00000000a0000000,0x00000000a0ab7710,0x00000000a4000000)
 Metaspace       used 16996K, capacity 17314K, committed 17536K, reserved 1064960K
  class space    used 1946K, capacity 2073K, committed 2176K, reserved 1048576K
}

